<?xml version="1.0" encoding="UTF-8"?>
<!-- Generated by org.testng.reporters.JUnitReportReporter -->
<testsuite hostname="QT-INBG-LT0707" failures="0" tests="5" name="selenium.pomdata" time="40.342" errors="0" timestamp="2022-10-14T10:51:40 IST" skipped="0">
  <testcase classname="selenium.pomdata" name="signin" time="6.999"/>
  <system-out/>
  <testcase classname="selenium.pomdata" name="Sign_up" time="11.458"/>
  <system-out/>
  <testcase classname="selenium.pomdata" name="signin" time="7.021"/>
  <system-out/>
  <testcase classname="selenium.pomdata" name="signin" time="6.217"/>
  <system-out/>
  <testcase classname="selenium.pomdata" name="Sign_up" time="8.647"/>
  <system-out/>
</testsuite> <!-- selenium.pomdata -->
